[2026-06-11 14:41:43] ⏳ Demonio cron.py iniciado y vigilando la base de datos...
[2026-06-11 14:42:29] ⏳ Demonio cron.py iniciado y vigilando la base de datos...
[2026-06-11 14:43:13] 🚀 Disparando alerta: probando
[2026-06-11 14:43:14] ✅ Notificación enviada con éxito a ntfy
[2026-06-11 14:56:14] 🚀 Disparando alerta: Prueba
[2026-06-11 14:56:14] ✅ Notificación enviada con éxito a ntfy
[2026-06-11 14:57:15] 🚀 Disparando alerta: prueba
[2026-06-11 14:57:15] ✅ Notificación enviada con éxito a ntfy
[2026-06-11 15:00:58] ⏳ Demonio cron.py con Zona Horaria activa...
[2026-06-11 15:02:13] 🚀 Disparando alerta horaria: PEpe
[2026-06-11 15:02:14] ✅ Notificación enviada con éxito
[2026-06-11 15:05:16] ⏳ Demonio cron.py con Zona Horaria activa...
[2026-06-11 15:06:01] 🚀 Disparando alerta horaria: hola
[2026-06-11 15:06:02] ✅ Notificación enviada con éxito
[2026-06-11 15:07:02] 🚀 Disparando alerta horaria: probando
[2026-06-11 15:07:03] ✅ Notificación enviada con éxito
[2026-06-11 15:42:03] 🚀 Disparando alerta horaria: prueba push
[2026-06-11 15:42:03] ✅ Notificación enviada con éxito
[2026-06-11 15:56:00] ⏳ Demonio cron.py con Zona Horaria activa...
[2026-06-11 15:57:00] 🚀 Disparando alerta horaria: pepe
[2026-06-11 15:57:01] ✅ Notificación enviada con éxito
[2026-06-11 15:59:00] ⏳ Demonio cron.py con Zona Horaria activa...
[2026-06-11 16:00:00] 🚀 Disparando alerta horaria: Prueba claxon
[2026-06-11 16:00:01] ✅ Notificación enviada con éxito
[2026-06-11 16:01:18] ⏳ Demonio cron.py con Zona Horaria activa...
[2026-06-11 16:01:26] ⏳ Demonio cron.py con Zona Horaria activa...
[2026-06-11 16:02:04] 🚀 Disparando alerta horaria: f
[2026-06-11 16:02:04] ✅ Notificación enviada con éxito
[2026-06-11 16:06:04] 🚀 Disparando alerta horaria: pepe
[2026-06-11 16:06:05] ✅ Notificación enviada con éxito
[2026-06-11 16:09:06] 🚀 Disparando alerta horaria: ap
[2026-06-11 16:09:07] ✅ Notificación enviada con éxito
[2026-06-11 16:10:07] 🚀 Disparando alerta horaria: prueba
[2026-06-11 16:10:07] ✅ Notificación enviada con éxito
[2026-06-11 16:10:07] 🚀 Disparando alerta horaria: prueba
[2026-06-11 16:10:08] ✅ Notificación enviada con éxito
